ERROR - 2023-11-26 22:29:01 --> Error connecting to the database: No such file or directory
CRITICAL - 2023-11-26 22:29:01 --> Unable to connect to the database.
Main connection [MySQLi]: No such file or directory
in SYSTEMPATH/Database/BaseConnection.php on line 416.
 1 SYSTEMPATH/Database/BaseConnection.php(586): CodeIgniter\Database\BaseConnection->initialize()
 2 SYSTEMPATH/Database/BaseBuilder.php(1904): CodeIgniter\Database\BaseConnection->query('INSERT INTO `user` (`nama`, `email`, `password`, `alamat`, `no_telp`, `role_id`) VALUES (:nama:, :email:, :password:, :alamat:, :no_telp:, :role_id:)', [...], false)
 3 SYSTEMPATH/Model.php(278): CodeIgniter\Database\BaseBuilder->insert()
 4 SYSTEMPATH/BaseModel.php(738): CodeIgniter\Model->doInsert([...])
 5 SYSTEMPATH/Model.php(666): CodeIgniter\BaseModel->insert([...], true)
 6 APPPATH/Controllers/Daftar.php(21): CodeIgniter\Model->insert([...])
 7 SYSTEMPATH/CodeIgniter.php(896): App\Controllers\Daftar->mendaftar()
 8 SYSTEMPATH/CodeIgniter.php(466): CodeIgniter\CodeIgniter->runController(Object(App\Controllers\Daftar))
 9 SYSTEMPATH/CodeIgniter.php(349): CodeIgniter\CodeIgniter->handleRequest(null, Object(Config\Cache), false)
10 FCPATH/index.php(55): CodeIgniter\CodeIgniter->run()
11 SYSTEMPATH/Commands/Server/rewrite.php(43): require_once('FCPATH/index.php')
ERROR - 2023-11-26 22:29:46 --> Error connecting to the database: No such file or directory
CRITICAL - 2023-11-26 22:29:46 --> Unable to connect to the database.
Main connection [MySQLi]: No such file or directory
in SYSTEMPATH/Database/BaseConnection.php on line 416.
 1 SYSTEMPATH/Database/BaseConnection.php(586): CodeIgniter\Database\BaseConnection->initialize()
 2 SYSTEMPATH/Database/BaseBuilder.php(1904): CodeIgniter\Database\BaseConnection->query('INSERT INTO `user` (`nama`, `email`, `password`, `alamat`, `no_telp`, `role_id`) VALUES (:nama:, :email:, :password:, :alamat:, :no_telp:, :role_id:)', [...], false)
 3 SYSTEMPATH/Model.php(278): CodeIgniter\Database\BaseBuilder->insert()
 4 SYSTEMPATH/BaseModel.php(738): CodeIgniter\Model->doInsert([...])
 5 SYSTEMPATH/Model.php(666): CodeIgniter\BaseModel->insert([...], true)
 6 APPPATH/Controllers/Daftar.php(21): CodeIgniter\Model->insert([...])
 7 SYSTEMPATH/CodeIgniter.php(896): App\Controllers\Daftar->mendaftar()
 8 SYSTEMPATH/CodeIgniter.php(466): CodeIgniter\CodeIgniter->runController(Object(App\Controllers\Daftar))
 9 SYSTEMPATH/CodeIgniter.php(349): CodeIgniter\CodeIgniter->handleRequest(null, Object(Config\Cache), false)
10 FCPATH/index.php(55): CodeIgniter\CodeIgniter->run()
11 SYSTEMPATH/Commands/Server/rewrite.php(43): require_once('FCPATH/index.php')
ERROR - 2023-11-26 22:39:11 --> Error connecting to the database: No such file or directory
CRITICAL - 2023-11-26 22:39:11 --> Unable to connect to the database.
Main connection [MySQLi]: No such file or directory
in SYSTEMPATH/Database/BaseConnection.php on line 416.
 1 SYSTEMPATH/Database/BaseConnection.php(586): CodeIgniter\Database\BaseConnection->initialize()
 2 SYSTEMPATH/Database/BaseBuilder.php(1904): CodeIgniter\Database\BaseConnection->query('INSERT INTO `user` (`nama`, `email`, `password`, `alamat`, `no_telp`, `role_id`) VALUES (:nama:, :email:, :password:, :alamat:, :no_telp:, :role_id:)', [...], false)
 3 SYSTEMPATH/Model.php(278): CodeIgniter\Database\BaseBuilder->insert()
 4 SYSTEMPATH/BaseModel.php(738): CodeIgniter\Model->doInsert([...])
 5 SYSTEMPATH/Model.php(666): CodeIgniter\BaseModel->insert([...], true)
 6 APPPATH/Controllers/Daftar.php(21): CodeIgniter\Model->insert([...])
 7 SYSTEMPATH/CodeIgniter.php(896): App\Controllers\Daftar->mendaftar()
 8 SYSTEMPATH/CodeIgniter.php(466): CodeIgniter\CodeIgniter->runController(Object(App\Controllers\Daftar))
 9 SYSTEMPATH/CodeIgniter.php(349): CodeIgniter\CodeIgniter->handleRequest(null, Object(Config\Cache), false)
10 FCPATH/index.php(55): CodeIgniter\CodeIgniter->run()
11 SYSTEMPATH/Commands/Server/rewrite.php(43): require_once('FCPATH/index.php')
ERROR - 2023-11-26 23:13:41 --> Error connecting to the database: No such file or directory
CRITICAL - 2023-11-26 23:13:41 --> Unable to connect to the database.
Main connection [MySQLi]: No such file or directory
in SYSTEMPATH/Database/BaseConnection.php on line 416.
 1 SYSTEMPATH/Database/BaseConnection.php(586): CodeIgniter\Database\BaseConnection->initialize()
 2 SYSTEMPATH/Database/BaseBuilder.php(1904): CodeIgniter\Database\BaseConnection->query('INSERT INTO `user` (`nama`, `email`, `password`, `alamat`, `no_telp`, `role_id`) VALUES (:nama:, :email:, :password:, :alamat:, :no_telp:, :role_id:)', [...], false)
 3 SYSTEMPATH/Model.php(278): CodeIgniter\Database\BaseBuilder->insert()
 4 SYSTEMPATH/BaseModel.php(738): CodeIgniter\Model->doInsert([...])
 5 SYSTEMPATH/Model.php(666): CodeIgniter\BaseModel->insert([...], true)
 6 APPPATH/Controllers/Daftar.php(21): CodeIgniter\Model->insert([...])
 7 SYSTEMPATH/CodeIgniter.php(896): App\Controllers\Daftar->mendaftar()
 8 SYSTEMPATH/CodeIgniter.php(466): CodeIgniter\CodeIgniter->runController(Object(App\Controllers\Daftar))
 9 SYSTEMPATH/CodeIgniter.php(349): CodeIgniter\CodeIgniter->handleRequest(null, Object(Config\Cache), false)
10 FCPATH/index.php(55): CodeIgniter\CodeIgniter->run()
11 SYSTEMPATH/Commands/Server/rewrite.php(43): require_once('FCPATH/index.php')
ERROR - 2023-11-26 23:32:47 --> Error connecting to the database: No such file or directory
CRITICAL - 2023-11-26 23:32:47 --> Unable to connect to the database.
Main connection [MySQLi]: No such file or directory
in SYSTEMPATH/Database/BaseConnection.php on line 416.
 1 SYSTEMPATH/Database/BaseConnection.php(586): CodeIgniter\Database\BaseConnection->initialize()
 2 SYSTEMPATH/Database/BaseBuilder.php(1585): CodeIgniter\Database\BaseConnection->query('SELECT *
FROM `user`
WHERE `email` = :email:
 LIMIT 1', [...], false)
 3 SYSTEMPATH/Model.php(249): CodeIgniter\Database\BaseBuilder->get()
 4 SYSTEMPATH/BaseModel.php(622): CodeIgniter\Model->doFirst()
 5 APPPATH/Controllers/Login.php(23): CodeIgniter\BaseModel->first()
 6 SYSTEMPATH/CodeIgniter.php(896): App\Controllers\Login->masuk()
 7 SYSTEMPATH/CodeIgniter.php(466): CodeIgniter\CodeIgniter->runController(Object(App\Controllers\Login))
 8 SYSTEMPATH/CodeIgniter.php(349): CodeIgniter\CodeIgniter->handleRequest(null, Object(Config\Cache), false)
 9 FCPATH/index.php(55): CodeIgniter\CodeIgniter->run()
10 SYSTEMPATH/Commands/Server/rewrite.php(43): require_once('FCPATH/index.php')
