ERROR - 2023-11-27 03:20:00 --> Error connecting to the database: No such file or directory
CRITICAL - 2023-11-27 03:20:00 --> Unable to connect to the database.
Main connection [MySQLi]: No such file or directory
in SYSTEMPATH/Database/BaseConnection.php on line 416.
 1 SYSTEMPATH/Database/BaseConnection.php(586): CodeIgniter\Database\BaseConnection->initialize()
 2 SYSTEMPATH/Database/BaseBuilder.php(1904): CodeIgniter\Database\BaseConnection->query('INSERT INTO `user` (`nama`, `email`, `password`, `alamat`, `no_telp`, `role_id`) VALUES (:nama:, :email:, :password:, :alamat:, :no_telp:, :role_id:)', [...], false)
 3 SYSTEMPATH/Model.php(278): CodeIgniter\Database\BaseBuilder->insert()
 4 SYSTEMPATH/BaseModel.php(738): CodeIgniter\Model->doInsert([...])
 5 SYSTEMPATH/Model.php(666): CodeIgniter\BaseModel->insert([...], true)
 6 APPPATH/Controllers/Daftar.php(21): CodeIgniter\Model->insert([...])
 7 SYSTEMPATH/CodeIgniter.php(896): App\Controllers\Daftar->mendaftar()
 8 SYSTEMPATH/CodeIgniter.php(466): CodeIgniter\CodeIgniter->runController(Object(App\Controllers\Daftar))
 9 SYSTEMPATH/CodeIgniter.php(349): CodeIgniter\CodeIgniter->handleRequest(null, Object(Config\Cache), false)
10 FCPATH/index.php(55): CodeIgniter\CodeIgniter->run()
11 SYSTEMPATH/Commands/Server/rewrite.php(43): require_once('FCPATH/index.php')
ERROR - 2023-11-27 03:22:15 --> Error connecting to the database: No such file or directory
CRITICAL - 2023-11-27 03:22:15 --> Unable to connect to the database.
Main connection [MySQLi]: No such file or directory
in SYSTEMPATH/Database/BaseConnection.php on line 416.
 1 SYSTEMPATH/Database/BaseConnection.php(586): CodeIgniter\Database\BaseConnection->initialize()
 2 SYSTEMPATH/Database/BaseBuilder.php(1904): CodeIgniter\Database\BaseConnection->query('INSERT INTO `user` (`nama`, `email`, `password`, `alamat`, `no_telp`, `role_id`) VALUES (:nama:, :email:, :password:, :alamat:, :no_telp:, :role_id:)', [...], false)
 3 SYSTEMPATH/Model.php(278): CodeIgniter\Database\BaseBuilder->insert()
 4 SYSTEMPATH/BaseModel.php(738): CodeIgniter\Model->doInsert([...])
 5 SYSTEMPATH/Model.php(666): CodeIgniter\BaseModel->insert([...], true)
 6 APPPATH/Controllers/Daftar.php(21): CodeIgniter\Model->insert([...])
 7 SYSTEMPATH/CodeIgniter.php(896): App\Controllers\Daftar->mendaftar()
 8 SYSTEMPATH/CodeIgniter.php(466): CodeIgniter\CodeIgniter->runController(Object(App\Controllers\Daftar))
 9 SYSTEMPATH/CodeIgniter.php(349): CodeIgniter\CodeIgniter->handleRequest(null, Object(Config\Cache), false)
10 FCPATH/index.php(55): CodeIgniter\CodeIgniter->run()
11 SYSTEMPATH/Commands/Server/rewrite.php(43): require_once('FCPATH/index.php')
CRITICAL - 2023-11-27 03:23:19 --> Class "CodeIgniter\Database\php-mysqlnd\Connection" not found
in SYSTEMPATH/Database/Database.php on line 136.
 1 SYSTEMPATH/Database/Database.php(56): CodeIgniter\Database\Database->initDriver('php-mysqlnd', 'CodeIgniter\\Database\\php-mysqlnd\\Connection', [...])
 2 SYSTEMPATH/Database/Config.php(78): CodeIgniter\Database\Database->load([...], 'default')
 3 SYSTEMPATH/Model.php(136): CodeIgniter\Database\Config::connect('default')
 4 APPPATH/Controllers/Daftar.php(19): CodeIgniter\Model->__construct()
 5 SYSTEMPATH/CodeIgniter.php(896): App\Controllers\Daftar->mendaftar()
 6 SYSTEMPATH/CodeIgniter.php(466): CodeIgniter\CodeIgniter->runController(Object(App\Controllers\Daftar))
 7 SYSTEMPATH/CodeIgniter.php(349): CodeIgniter\CodeIgniter->handleRequest(null, Object(Config\Cache), false)
 8 FCPATH/index.php(55): CodeIgniter\CodeIgniter->run()
 9 SYSTEMPATH/Commands/Server/rewrite.php(43): require_once('FCPATH/index.php')
CRITICAL - 2023-11-27 03:24:49 --> Class "CodeIgniter\Database\mysqli.so\Connection" not found
in SYSTEMPATH/Database/Database.php on line 136.
 1 SYSTEMPATH/Database/Database.php(56): CodeIgniter\Database\Database->initDriver('mysqli.so', 'CodeIgniter\\Database\\mysqli.so\\Connection', [...])
 2 SYSTEMPATH/Database/Config.php(78): CodeIgniter\Database\Database->load([...], 'default')
 3 SYSTEMPATH/Model.php(136): CodeIgniter\Database\Config::connect('default')
 4 APPPATH/Controllers/Daftar.php(19): CodeIgniter\Model->__construct()
 5 SYSTEMPATH/CodeIgniter.php(896): App\Controllers\Daftar->mendaftar()
 6 SYSTEMPATH/CodeIgniter.php(466): CodeIgniter\CodeIgniter->runController(Object(App\Controllers\Daftar))
 7 SYSTEMPATH/CodeIgniter.php(349): CodeIgniter\CodeIgniter->handleRequest(null, Object(Config\Cache), false)
 8 FCPATH/index.php(55): CodeIgniter\CodeIgniter->run()
 9 SYSTEMPATH/Commands/Server/rewrite.php(43): require_once('FCPATH/index.php')
ERROR - 2023-11-27 03:25:17 --> Error connecting to the database: No such file or directory
CRITICAL - 2023-11-27 03:25:17 --> Unable to connect to the database.
Main connection [MySQLi]: No such file or directory
in SYSTEMPATH/Database/BaseConnection.php on line 416.
 1 SYSTEMPATH/Database/BaseConnection.php(586): CodeIgniter\Database\BaseConnection->initialize()
 2 SYSTEMPATH/Database/BaseBuilder.php(1904): CodeIgniter\Database\BaseConnection->query('INSERT INTO `user` (`nama`, `email`, `password`, `alamat`, `no_telp`, `role_id`) VALUES (:nama:, :email:, :password:, :alamat:, :no_telp:, :role_id:)', [...], false)
 3 SYSTEMPATH/Model.php(278): CodeIgniter\Database\BaseBuilder->insert()
 4 SYSTEMPATH/BaseModel.php(738): CodeIgniter\Model->doInsert([...])
 5 SYSTEMPATH/Model.php(666): CodeIgniter\BaseModel->insert([...], true)
 6 APPPATH/Controllers/Daftar.php(21): CodeIgniter\Model->insert([...])
 7 SYSTEMPATH/CodeIgniter.php(896): App\Controllers\Daftar->mendaftar()
 8 SYSTEMPATH/CodeIgniter.php(466): CodeIgniter\CodeIgniter->runController(Object(App\Controllers\Daftar))
 9 SYSTEMPATH/CodeIgniter.php(349): CodeIgniter\CodeIgniter->handleRequest(null, Object(Config\Cache), false)
10 FCPATH/index.php(55): CodeIgniter\CodeIgniter->run()
11 SYSTEMPATH/Commands/Server/rewrite.php(43): require_once('FCPATH/index.php')
ERROR - 2023-11-27 03:26:32 --> Error connecting to the database: pg_connect(): Unable to connect to PostgreSQL server: connection to server at &quot;localhost&quot; (::1), port 3306 failed: received invalid response to SSL negotiation: Y
CRITICAL - 2023-11-27 03:26:32 --> Unable to connect to the database.
Main connection [postgre]: pg_connect(): Unable to connect to PostgreSQL server: connection to server at &quot;localhost&quot; (::1), port 3306 failed: received invalid response to SSL negotiation: Y
in SYSTEMPATH/Database/BaseConnection.php on line 416.
 1 SYSTEMPATH/Database/BaseConnection.php(586): CodeIgniter\Database\BaseConnection->initialize()
 2 SYSTEMPATH/Database/BaseBuilder.php(1904): CodeIgniter\Database\BaseConnection->query('INSERT INTO "user" ("nama", "email", "password", "alamat", "no_telp", "role_id") VALUES (:nama:, :email:, :password:, :alamat:, :no_telp:, :role_id:)', [...], false)
 3 SYSTEMPATH/Model.php(278): CodeIgniter\Database\BaseBuilder->insert()
 4 SYSTEMPATH/BaseModel.php(738): CodeIgniter\Model->doInsert([...])
 5 SYSTEMPATH/Model.php(666): CodeIgniter\BaseModel->insert([...], true)
 6 APPPATH/Controllers/Daftar.php(21): CodeIgniter\Model->insert([...])
 7 SYSTEMPATH/CodeIgniter.php(896): App\Controllers\Daftar->mendaftar()
 8 SYSTEMPATH/CodeIgniter.php(466): CodeIgniter\CodeIgniter->runController(Object(App\Controllers\Daftar))
 9 SYSTEMPATH/CodeIgniter.php(349): CodeIgniter\CodeIgniter->handleRequest(null, Object(Config\Cache), false)
10 FCPATH/index.php(55): CodeIgniter\CodeIgniter->run()
11 SYSTEMPATH/Commands/Server/rewrite.php(43): require_once('FCPATH/index.php')
ERROR - 2023-11-27 03:29:05 --> Error connecting to the database: No such file or directory
CRITICAL - 2023-11-27 03:29:05 --> Unable to connect to the database.
Main connection [MySQLi]: No such file or directory
in SYSTEMPATH/Database/BaseConnection.php on line 416.
 1 SYSTEMPATH/Database/BaseConnection.php(586): CodeIgniter\Database\BaseConnection->initialize()
 2 SYSTEMPATH/Database/BaseBuilder.php(1904): CodeIgniter\Database\BaseConnection->query('INSERT INTO `user` (`nama`, `email`, `password`, `alamat`, `no_telp`, `role_id`) VALUES (:nama:, :email:, :password:, :alamat:, :no_telp:, :role_id:)', [...], false)
 3 SYSTEMPATH/Model.php(278): CodeIgniter\Database\BaseBuilder->insert()
 4 SYSTEMPATH/BaseModel.php(738): CodeIgniter\Model->doInsert([...])
 5 SYSTEMPATH/Model.php(666): CodeIgniter\BaseModel->insert([...], true)
 6 APPPATH/Controllers/Daftar.php(21): CodeIgniter\Model->insert([...])
 7 SYSTEMPATH/CodeIgniter.php(896): App\Controllers\Daftar->mendaftar()
 8 SYSTEMPATH/CodeIgniter.php(466): CodeIgniter\CodeIgniter->runController(Object(App\Controllers\Daftar))
 9 SYSTEMPATH/CodeIgniter.php(349): CodeIgniter\CodeIgniter->handleRequest(null, Object(Config\Cache), false)
10 FCPATH/index.php(55): CodeIgniter\CodeIgniter->run()
11 SYSTEMPATH/Commands/Server/rewrite.php(43): require_once('FCPATH/index.php')
CRITICAL - 2023-11-27 03:29:43 --> Class "CodeIgniter\Database\MySQL\Connection" not found
in SYSTEMPATH/Database/Database.php on line 136.
 1 SYSTEMPATH/Database/Database.php(56): CodeIgniter\Database\Database->initDriver('MySQL', 'CodeIgniter\\Database\\MySQL\\Connection', [...])
 2 SYSTEMPATH/Database/Config.php(78): CodeIgniter\Database\Database->load([...], 'default')
 3 SYSTEMPATH/Model.php(136): CodeIgniter\Database\Config::connect('default')
 4 APPPATH/Controllers/Daftar.php(19): CodeIgniter\Model->__construct()
 5 SYSTEMPATH/CodeIgniter.php(896): App\Controllers\Daftar->mendaftar()
 6 SYSTEMPATH/CodeIgniter.php(466): CodeIgniter\CodeIgniter->runController(Object(App\Controllers\Daftar))
 7 SYSTEMPATH/CodeIgniter.php(349): CodeIgniter\CodeIgniter->handleRequest(null, Object(Config\Cache), false)
 8 FCPATH/index.php(55): CodeIgniter\CodeIgniter->run()
 9 SYSTEMPATH/Commands/Server/rewrite.php(43): require_once('FCPATH/index.php')
CRITICAL - 2023-11-27 03:29:49 --> Class "CodeIgniter\Database\MySQL\Connection" not found
in SYSTEMPATH/Database/Database.php on line 136.
 1 SYSTEMPATH/Database/Database.php(56): CodeIgniter\Database\Database->initDriver('MySQL', 'CodeIgniter\\Database\\MySQL\\Connection', [...])
 2 SYSTEMPATH/Database/Config.php(78): CodeIgniter\Database\Database->load([...], 'default')
 3 SYSTEMPATH/Model.php(136): CodeIgniter\Database\Config::connect('default')
 4 APPPATH/Controllers/Daftar.php(19): CodeIgniter\Model->__construct()
 5 SYSTEMPATH/CodeIgniter.php(896): App\Controllers\Daftar->mendaftar()
 6 SYSTEMPATH/CodeIgniter.php(466): CodeIgniter\CodeIgniter->runController(Object(App\Controllers\Daftar))
 7 SYSTEMPATH/CodeIgniter.php(349): CodeIgniter\CodeIgniter->handleRequest(null, Object(Config\Cache), false)
 8 FCPATH/index.php(55): CodeIgniter\CodeIgniter->run()
 9 SYSTEMPATH/Commands/Server/rewrite.php(43): require_once('FCPATH/index.php')
ERROR - 2023-11-27 03:37:37 --> Error connecting to the database: No such file or directory
CRITICAL - 2023-11-27 03:37:37 --> Unable to connect to the database.
Main connection [mysqli]: No such file or directory
in SYSTEMPATH/Database/BaseConnection.php on line 416.
 1 SYSTEMPATH/Database/BaseConnection.php(586): CodeIgniter\Database\BaseConnection->initialize()
 2 SYSTEMPATH/Database/BaseBuilder.php(1904): CodeIgniter\Database\BaseConnection->query('INSERT INTO `user` (`nama`, `email`, `password`, `alamat`, `no_telp`, `role_id`) VALUES (:nama:, :email:, :password:, :alamat:, :no_telp:, :role_id:)', [...], false)
 3 SYSTEMPATH/Model.php(278): CodeIgniter\Database\BaseBuilder->insert()
 4 SYSTEMPATH/BaseModel.php(738): CodeIgniter\Model->doInsert([...])
 5 SYSTEMPATH/Model.php(666): CodeIgniter\BaseModel->insert([...], true)
 6 APPPATH/Controllers/Daftar.php(21): CodeIgniter\Model->insert([...])
 7 SYSTEMPATH/CodeIgniter.php(896): App\Controllers\Daftar->mendaftar()
 8 SYSTEMPATH/CodeIgniter.php(466): CodeIgniter\CodeIgniter->runController(Object(App\Controllers\Daftar))
 9 SYSTEMPATH/CodeIgniter.php(349): CodeIgniter\CodeIgniter->handleRequest(null, Object(Config\Cache), false)
10 FCPATH/index.php(55): CodeIgniter\CodeIgniter->run()
11 SYSTEMPATH/Commands/Server/rewrite.php(43): require_once('FCPATH/index.php')
ERROR - 2023-11-27 03:37:49 --> Error connecting to the database: No such file or directory
CRITICAL - 2023-11-27 03:37:49 --> Unable to connect to the database.
Main connection [MySQLi]: No such file or directory
in SYSTEMPATH/Database/BaseConnection.php on line 416.
 1 SYSTEMPATH/Database/BaseConnection.php(586): CodeIgniter\Database\BaseConnection->initialize()
 2 SYSTEMPATH/Database/BaseBuilder.php(1904): CodeIgniter\Database\BaseConnection->query('INSERT INTO `user` (`nama`, `email`, `password`, `alamat`, `no_telp`, `role_id`) VALUES (:nama:, :email:, :password:, :alamat:, :no_telp:, :role_id:)', [...], false)
 3 SYSTEMPATH/Model.php(278): CodeIgniter\Database\BaseBuilder->insert()
 4 SYSTEMPATH/BaseModel.php(738): CodeIgniter\Model->doInsert([...])
 5 SYSTEMPATH/Model.php(666): CodeIgniter\BaseModel->insert([...], true)
 6 APPPATH/Controllers/Daftar.php(21): CodeIgniter\Model->insert([...])
 7 SYSTEMPATH/CodeIgniter.php(896): App\Controllers\Daftar->mendaftar()
 8 SYSTEMPATH/CodeIgniter.php(466): CodeIgniter\CodeIgniter->runController(Object(App\Controllers\Daftar))
 9 SYSTEMPATH/CodeIgniter.php(349): CodeIgniter\CodeIgniter->handleRequest(null, Object(Config\Cache), false)
10 FCPATH/index.php(55): CodeIgniter\CodeIgniter->run()
11 SYSTEMPATH/Commands/Server/rewrite.php(43): require_once('FCPATH/index.php')
ERROR - 2023-11-27 03:39:07 --> Error connecting to the database: Access denied for user '****'@'localhost' (using password: YES)
CRITICAL - 2023-11-27 03:39:07 --> Unable to connect to the database.
Main connection [MySQLi]: Access denied for user '****'@'localhost' (using password: YES)
in SYSTEMPATH/Database/BaseConnection.php on line 416.
 1 SYSTEMPATH/Database/BaseConnection.php(586): CodeIgniter\Database\BaseConnection->initialize()
 2 SYSTEMPATH/Database/BaseBuilder.php(1904): CodeIgniter\Database\BaseConnection->query('INSERT INTO `user` (`nama`, `email`, `password`, `alamat`, `no_telp`, `role_id`) VALUES (:nama:, :email:, :password:, :alamat:, :no_telp:, :role_id:)', [...], false)
 3 SYSTEMPATH/Model.php(278): CodeIgniter\Database\BaseBuilder->insert()
 4 SYSTEMPATH/BaseModel.php(738): CodeIgniter\Model->doInsert([...])
 5 SYSTEMPATH/Model.php(666): CodeIgniter\BaseModel->insert([...], true)
 6 APPPATH/Controllers/Daftar.php(21): CodeIgniter\Model->insert([...])
 7 SYSTEMPATH/CodeIgniter.php(896): App\Controllers\Daftar->mendaftar()
 8 SYSTEMPATH/CodeIgniter.php(466): CodeIgniter\CodeIgniter->runController(Object(App\Controllers\Daftar))
 9 SYSTEMPATH/CodeIgniter.php(349): CodeIgniter\CodeIgniter->handleRequest(null, Object(Config\Cache), false)
10 FCPATH/index.php(55): CodeIgniter\CodeIgniter->run()
11 SYSTEMPATH/Commands/Server/rewrite.php(43): require_once('FCPATH/index.php')
CRITICAL - 2023-11-27 04:27:16 --> Undefined variable $judul
in APPPATH/Views/member_vw.php on line 8.
 1 APPPATH/Views/member_vw.php(8): CodeIgniter\Debug\Exceptions->errorHandler(2, 'Undefined variable $judul', 'APPPATH/Views/member_vw.php', 8)
 2 SYSTEMPATH/View/View.php(213): include('APPPATH/Views/member_vw.php')
 3 SYSTEMPATH/View/View.php(216): CodeIgniter\View\View->CodeIgniter\View\{closure}()
 4 SYSTEMPATH/Common.php(1135): CodeIgniter\View\View->render('member_vw', [], true)
 5 APPPATH/Controllers/Member.php(12): view('member_vw')
 6 SYSTEMPATH/CodeIgniter.php(896): App\Controllers\Member->index()
 7 SYSTEMPATH/CodeIgniter.php(466): CodeIgniter\CodeIgniter->runController(Object(App\Controllers\Member))
 8 SYSTEMPATH/CodeIgniter.php(349): CodeIgniter\CodeIgniter->handleRequest(null, Object(Config\Cache), false)
 9 FCPATH/index.php(55): CodeIgniter\CodeIgniter->run()
10 SYSTEMPATH/Commands/Server/rewrite.php(43): require_once('FCPATH/index.php')
